2023-01-09 18:59:38,561 [INFO] Activator:177 - 


2023-01-09 18:59:38,561 [INFO] Activator:178 - !SESSION log4j initialized
2023-01-09 18:59:40,281 [ERROR] LogOutputStream:74 - [STDERR_REDIRECT] 
2023-01-09 19:00:04,120 [ERROR] LogOutputStream:74 - [STDERR_REDIRECT] SLF4J: Failed to load class "org.slf4j.impl.StaticLoggerBinder".
2023-01-09 19:00:04,122 [ERROR] LogOutputStream:74 - [STDERR_REDIRECT] SLF4J: Defaulting to no-operation (NOP) logger implementation
2023-01-09 19:00:04,122 [ERROR] LogOutputStream:74 - [STDERR_REDIRECT] SLF4J: See http://www.slf4j.org/codes.html#StaticLoggerBinder for further details.
2023-01-09 19:00:41,392 [INFO] McuFinderGlobals:44 - Set McuFinder mode to 2 (CubeIDE integrated)
2023-01-09 19:00:43,620 [INFO] ApplicationProperties:181 - Using Application install path: /Applications/STM32CubeIDE.app/Contents/Eclipse/plugins/com.st.stm32cube.common.mx_6.6.1.202207061420
2023-01-09 19:00:43,636 [INFO] DbMcusXml:77 - Set database path to: /Applications/STM32CubeIDE.app/Contents/Eclipse/plugins/com.st.stm32cube.common.mx_6.6.1.202207061420//db//mcu/
2023-01-09 19:00:43,637 [INFO] ApiDb:269 - Set plugin database path to: /Applications/STM32CubeIDE.app/Contents/Eclipse/plugins/com.st.stm32cube.common.mx_6.6.1.202207061420//db//plugins/boardmanager/
2023-01-09 19:00:43,640 [WARN] ApiDb:254 - Overriding images path with different value:  => /Applications/STM32CubeIDE.app/Contents/Eclipse/plugins/com.st.stm32cube.common.mx_6.6.1.202207061420//db//plugins/mcufinder/images/
2023-01-09 19:00:43,661 [INFO] ApiDb:249 - Set database path to: /Users/giovannirasera/.stmcufinder/plugins/mcufinder//mcu/
2023-01-09 19:00:43,663 [INFO] DbMcusAds:124 - Set database path to: /Users/giovannirasera/.stmcufinder/plugins/mcufinder//mcu/
2023-01-09 19:00:43,668 [INFO] CrossReferenceDbSqlite:201 - Set database path to: /Users/giovannirasera/.stmcufinder/plugins/mcufinder//mcu/cs/
2023-01-09 19:00:43,797 [INFO] RulesReader:61 - Compatibility file has been processed (282 Rules)
2023-01-09 19:00:43,867 [INFO] DbMcusXml:77 - Set database path to: /Applications/STM32CubeIDE.app/Contents/Eclipse/plugins/com.st.stm32cube.common.mx_6.6.1.202207061420//db//mcu/
2023-01-09 19:00:43,869 [INFO] ApiDb:269 - Set plugin database path to: /Applications/STM32CubeIDE.app/Contents/Eclipse/plugins/com.st.stm32cube.common.mx_6.6.1.202207061420//db//plugins/boardmanager/
2023-01-09 19:00:43,870 [INFO] ApiDb:256 - Set plugin images path to: /Applications/STM32CubeIDE.app/Contents/Eclipse/plugins/com.st.stm32cube.common.mx_6.6.1.202207061420//db//plugins/mcufinder/images/
2023-01-09 19:00:43,870 [WARN] DbFile:40 - Overriding database path with different value: /Users/giovannirasera/.stmcufinder/plugins/mcufinder/ => /Users/giovannirasera/.stmcufinder/plugins/mcufinder
2023-01-09 19:00:43,870 [INFO] ApiDb:249 - Set database path to: /Users/giovannirasera/.stmcufinder/plugins/mcufinder//mcu/
2023-01-09 19:00:43,871 [WARN] DbFile:40 - Overriding database path with different value: /Users/giovannirasera/.stmcufinder/plugins/mcufinder/ => /Users/giovannirasera/.stmcufinder/plugins/mcufinder
2023-01-09 19:00:43,871 [INFO] DbMcusAds:124 - Set database path to: /Users/giovannirasera/.stmcufinder/plugins/mcufinder//mcu/
2023-01-09 19:00:43,872 [WARN] DbFile:40 - Overriding database path with different value: /Users/giovannirasera/.stmcufinder/plugins/mcufinder/ => /Users/giovannirasera/.stmcufinder/plugins/mcufinder
2023-01-09 19:00:43,873 [WARN] DbFile:40 - Overriding database path with different value: /Users/giovannirasera/.stmcufinder/plugins/mcufinder/ => /Users/giovannirasera/.stmcufinder/plugins/mcufinder
2023-01-09 19:00:43,873 [INFO] CrossReferenceDbSqlite:201 - Set database path to: /Users/giovannirasera/.stmcufinder/plugins/mcufinder//mcu/cs/
2023-01-09 19:00:43,960 [INFO] MainPanel:242 - HeapMemory: 268435456
2023-01-09 19:00:44,061 [INFO] DbMcusXml:77 - Set database path to: /Applications/STM32CubeIDE.app/Contents/Eclipse/plugins/com.st.stm32cube.common.mx_6.6.1.202207061420//db//mcu/
2023-01-09 19:00:44,061 [INFO] ApiDb:269 - Set plugin database path to: /Applications/STM32CubeIDE.app/Contents/Eclipse/plugins/com.st.stm32cube.common.mx_6.6.1.202207061420//db//plugins/boardmanager/
2023-01-09 19:00:44,061 [INFO] ApiDb:256 - Set plugin images path to: /Applications/STM32CubeIDE.app/Contents/Eclipse/plugins/com.st.stm32cube.common.mx_6.6.1.202207061420//db//plugins/mcufinder/images/
2023-01-09 19:00:44,062 [WARN] DbFile:40 - Overriding database path with different value: /Users/giovannirasera/.stmcufinder/plugins/mcufinder/ => /Users/giovannirasera/.stmcufinder/plugins/mcufinder
2023-01-09 19:00:44,062 [INFO] ApiDb:249 - Set database path to: /Users/giovannirasera/.stmcufinder/plugins/mcufinder//mcu/
2023-01-09 19:00:44,062 [WARN] DbFile:40 - Overriding database path with different value: /Users/giovannirasera/.stmcufinder/plugins/mcufinder/ => /Users/giovannirasera/.stmcufinder/plugins/mcufinder
2023-01-09 19:00:44,062 [INFO] DbMcusAds:124 - Set database path to: /Users/giovannirasera/.stmcufinder/plugins/mcufinder//mcu/
2023-01-09 19:00:44,062 [WARN] DbFile:40 - Overriding database path with different value: /Users/giovannirasera/.stmcufinder/plugins/mcufinder/ => /Users/giovannirasera/.stmcufinder/plugins/mcufinder
2023-01-09 19:00:44,062 [WARN] DbFile:40 - Overriding database path with different value: /Users/giovannirasera/.stmcufinder/plugins/mcufinder/ => /Users/giovannirasera/.stmcufinder/plugins/mcufinder
2023-01-09 19:00:44,063 [INFO] CrossReferenceDbSqlite:201 - Set database path to: /Users/giovannirasera/.stmcufinder/plugins/mcufinder//mcu/cs/
2023-01-09 19:00:44,083 [INFO] ApplicationProperties:181 - Using Application install path: /Applications/STM32CubeIDE.app/Contents/Eclipse/plugins/com.st.stm32cube.common.mx_6.6.1.202207061420
2023-01-09 19:00:44,087 [INFO] PluginManage:193 - Search for loadable plugins [exclusion list=, ]
2023-01-09 19:00:44,090 [INFO] PluginManage:307 - Check plugin analytics
2023-01-09 19:00:44,278 [INFO] AnalyticsPlugin:262 - Accepted Software Licenses: 
2023-01-09 19:00:44,280 [INFO] AnalyticsPlugin:264 - Accepted CMSIS Pack Licenses: 
2023-01-09 19:00:44,281 [INFO] AnalyticsPlugin:266 - Accepted Firmware Licenses: 
2023-01-09 19:00:44,312 [INFO] PluginManage:356 - Loaded plugin analytics (category:tool,tabindex:-1)
2023-01-09 19:00:44,313 [INFO] PluginManage:307 - Check plugin cadmodel
2023-01-09 19:00:44,325 [INFO] CADModel:65 - Init CAD model plugin
2023-01-09 19:00:44,325 [INFO] PluginManage:356 - Loaded plugin cadmodel (category:power,tabindex:5)
2023-01-09 19:00:44,325 [INFO] PluginManage:307 - Check plugin clock
2023-01-09 19:00:44,335 [INFO] PluginManage:356 - Loaded plugin clock (category:base,tabindex:2)
2023-01-09 19:00:44,335 [INFO] PluginManage:307 - Check plugin ddr
2023-01-09 19:00:44,337 [INFO] PluginManage:356 - Loaded plugin ddr (category:tool,tabindex:6)
2023-01-09 19:00:44,337 [INFO] PluginManage:307 - Check plugin filemanager
2023-01-09 19:00:44,471 [INFO] PluginManage:356 - Loaded plugin filemanager (category:base,tabindex:10)
2023-01-09 19:00:44,472 [INFO] PluginManage:307 - Check plugin ipmanager
2023-01-09 19:00:44,480 [INFO] PluginManage:356 - Loaded plugin ipmanager (category:base,tabindex:5)
2023-01-09 19:00:44,480 [INFO] PluginManage:307 - Check plugin lpbam
2023-01-09 19:00:44,489 [INFO] PluginManage:356 - Loaded plugin lpbam (category:base,tabindex:0)
2023-01-09 19:00:44,489 [INFO] PluginManage:307 - Check plugin pinoutandconfiguration
2023-01-09 19:00:44,497 [INFO] PluginManage:356 - Loaded plugin pinoutandconfiguration (category:base,tabindex:1)
2023-01-09 19:00:44,497 [INFO] PluginManage:307 - Check plugin pinoutconfig
2023-01-09 19:00:44,590 [INFO] PluginManage:356 - Loaded plugin pinoutconfig (category:base,tabindex:0)
2023-01-09 19:00:44,592 [INFO] PluginManage:307 - Check plugin power
2023-01-09 19:00:44,715 [INFO] PluginManage:356 - Loaded plugin power (category:power,tabindex:4)
2023-01-09 19:00:44,718 [INFO] PluginManage:307 - Check plugin projectmanager
2023-01-09 19:00:44,763 [INFO] PluginManage:356 - Loaded plugin projectmanager (category:projectmanager,tabindex:3)
2023-01-09 19:00:44,763 [INFO] PluginManage:307 - Check plugin thirdparty
2023-01-09 19:00:44,945 [WARN] IntegrityCheckThread:82 - waiting for thirdparty lock release [integrity check]
2023-01-09 19:00:44,947 [INFO] IntegrityCheckThread:84 - entering critical section [integrity check]
2023-01-09 19:00:44,947 [INFO] PluginManage:356 - Loaded plugin thirdparty (category:base,tabindex:-1)
2023-01-09 19:00:44,948 [INFO] PluginManage:307 - Check plugin tools
2023-01-09 19:00:44,955 [INFO] PluginManage:356 - Loaded plugin tools (category:base,tabindex:7)
2023-01-09 19:00:44,955 [INFO] PluginManage:307 - Check plugin tutovideos
2023-01-09 19:00:44,956 [INFO] ThirdPartyUpdaterWithRetryManager:70 - Updater plugin not ready yet. [1/15]
2023-01-09 19:00:45,161 [INFO] PluginManage:356 - Loaded plugin tutovideos (category:base,tabindex:-1)
2023-01-09 19:00:45,162 [INFO] PluginManage:307 - Check plugin updater
2023-01-09 19:00:45,188 [INFO] PluginManage:356 - Loaded plugin updater (category:base,tabindex:12)
2023-01-09 19:00:45,192 [INFO] PluginManage:280 - PluginManage : Loaded plugins [15]
2023-01-09 19:00:45,930 [INFO] PinOutPanel:1468 - setPackage(No Configuration,No Configuration)
2023-01-09 19:00:45,990 [INFO] CADModel:98 - CPN selected for project level
2023-01-09 19:00:46,001 [INFO] IPUIPlugin:79 - create IPUIPlugin
2023-01-09 19:00:46,002 [INFO] PluginManager:217 - loadIPPluginJar : add mdma
2023-01-09 19:00:46,007 [INFO] IPUIPlugin:79 - create IPUIPlugin
2023-01-09 19:00:46,008 [INFO] PluginManager:217 - loadIPPluginJar : add freertos
2023-01-09 19:00:46,011 [INFO] IPUIPlugin:79 - create IPUIPlugin
2023-01-09 19:00:46,011 [INFO] PluginManager:217 - loadIPPluginJar : add gic
2023-01-09 19:00:46,017 [INFO] IPUIPlugin:79 - create IPUIPlugin
2023-01-09 19:00:46,018 [INFO] PluginManager:217 - loadIPPluginJar : add adc
2023-01-09 19:00:46,019 [INFO] IPUIPlugin:79 - create IPUIPlugin
2023-01-09 19:00:46,019 [INFO] PluginManager:217 - loadIPPluginJar : add gtzc
2023-01-09 19:00:46,020 [INFO] IPUIPlugin:79 - create IPUIPlugin
2023-01-09 19:00:46,020 [INFO] PluginManager:217 - loadIPPluginJar : add quadspi
2023-01-09 19:00:46,022 [INFO] IPUIPlugin:79 - create IPUIPlugin
2023-01-09 19:00:46,022 [INFO] PluginManager:217 - loadIPPluginJar : add aes
2023-01-09 19:00:46,023 [INFO] IPUIPlugin:79 - create IPUIPlugin
2023-01-09 19:00:46,024 [INFO] PluginManager:217 - loadIPPluginJar : add pdm2pcm
2023-01-09 19:00:46,025 [INFO] IPUIPlugin:79 - create IPUIPlugin
2023-01-09 19:00:46,025 [INFO] PluginManager:217 - loadIPPluginJar : add hash
2023-01-09 19:00:46,026 [INFO] IPUIPlugin:79 - create IPUIPlugin
2023-01-09 19:00:46,027 [INFO] PluginManager:217 - loadIPPluginJar : add tim
2023-01-09 19:00:46,029 [INFO] IPUIPlugin:79 - create IPUIPlugin
2023-01-09 19:00:46,029 [INFO] PluginManager:217 - loadIPPluginJar : add tsc
2023-01-09 19:00:46,030 [INFO] IPUIPlugin:79 - create IPUIPlugin
2023-01-09 19:00:46,030 [INFO] PluginManager:217 - loadIPPluginJar : add ts
2023-01-09 19:00:46,031 [INFO] IPUIPlugin:79 - create IPUIPlugin
2023-01-09 19:00:46,031 [INFO] PluginManager:217 - loadIPPluginJar : add can
2023-01-09 19:00:46,033 [INFO] IPUIPlugin:79 - create IPUIPlugin
2023-01-09 19:00:46,033 [INFO] PluginManager:217 - loadIPPluginJar : add dma3
2023-01-09 19:00:46,035 [INFO] IPUIPlugin:79 - create IPUIPlugin
2023-01-09 19:00:46,036 [INFO] PluginManager:217 - loadIPPluginJar : add dfsdm
2023-01-09 19:00:46,037 [INFO] IPUIPlugin:79 - create IPUIPlugin
2023-01-09 19:00:46,037 [INFO] PluginManager:217 - loadIPPluginJar : add spi
2023-01-09 19:00:46,040 [INFO] IPUIPlugin:79 - create IPUIPlugin
2023-01-09 19:00:46,043 [INFO] PluginManager:217 - loadIPPluginJar : add gfxmmu
2023-01-09 19:00:46,047 [INFO] IPUIPlugin:79 - create IPUIPlugin
2023-01-09 19:00:46,047 [INFO] PluginManager:217 - loadIPPluginJar : add genericplugin
2023-01-09 19:00:46,050 [INFO] IPUIPlugin:79 - create IPUIPlugin
2023-01-09 19:00:46,055 [INFO] PluginManager:217 - loadIPPluginJar : add cryp
2023-01-09 19:00:46,058 [INFO] IPUIPlugin:79 - create IPUIPlugin
2023-01-09 19:00:46,059 [INFO] PluginManager:217 - loadIPPluginJar : add gpio
2023-01-09 19:00:46,060 [INFO] IPUIPlugin:79 - create IPUIPlugin
2023-01-09 19:00:46,060 [INFO] PluginManager:217 - loadIPPluginJar : add comp
2023-01-09 19:00:46,061 [INFO] IPUIPlugin:79 - create IPUIPlugin
2023-01-09 19:00:46,061 [INFO] PluginManager:217 - loadIPPluginJar : add tracer_emb
2023-01-09 19:00:46,063 [INFO] IPUIPlugin:79 - create IPUIPlugin
2023-01-09 19:00:46,063 [INFO] PluginManager:217 - loadIPPluginJar : add openamp
2023-01-09 19:00:46,066 [INFO] IPUIPlugin:79 - create IPUIPlugin
2023-01-09 19:00:46,066 [INFO] PluginManager:217 - loadIPPluginJar : add stm32_wpan
2023-01-09 19:00:46,070 [INFO] IPUIPlugin:79 - create IPUIPlugin
2023-01-09 19:00:46,074 [INFO] PluginManager:217 - loadIPPluginJar : add plateformsettings
2023-01-09 19:00:46,077 [INFO] IPUIPlugin:79 - create IPUIPlugin
2023-01-09 19:00:46,077 [INFO] PluginManager:217 - loadIPPluginJar : add ipddr
2023-01-09 19:00:46,079 [INFO] IPUIPlugin:79 - create IPUIPlugin
2023-01-09 19:00:46,079 [INFO] PluginManager:217 - loadIPPluginJar : add usart
2023-01-09 19:00:46,081 [INFO] IPUIPlugin:79 - create IPUIPlugin
2023-01-09 19:00:46,081 [INFO] PluginManager:217 - loadIPPluginJar : add ltdc
2023-01-09 19:00:46,083 [INFO] IPUIPlugin:79 - create IPUIPlugin
2023-01-09 19:00:46,084 [INFO] PluginManager:217 - loadIPPluginJar : add nvic
2023-01-09 19:00:46,085 [INFO] IPUIPlugin:79 - create IPUIPlugin
2023-01-09 19:00:46,086 [INFO] PluginManager:217 - loadIPPluginJar : add fatfs
2023-01-09 19:00:46,091 [INFO] IPUIPlugin:79 - create IPUIPlugin
2023-01-09 19:00:46,091 [INFO] PluginManager:217 - loadIPPluginJar : add linkedlist
2023-01-09 19:00:46,096 [INFO] IPUIPlugin:79 - create IPUIPlugin
2023-01-09 19:00:46,097 [INFO] PluginManager:217 - loadIPPluginJar : add dma
2023-01-09 19:00:46,100 [INFO] IPUIPlugin:79 - create IPUIPlugin
2023-01-09 19:00:46,100 [INFO] PluginManager:217 - loadIPPluginJar : add fmc
2023-01-09 19:00:46,102 [INFO] IPUIPlugin:79 - create IPUIPlugin
2023-01-09 19:00:46,102 [INFO] PluginManager:217 - loadIPPluginJar : add i2s
2023-01-09 19:00:46,104 [INFO] IPUIPlugin:79 - create IPUIPlugin
2023-01-09 19:00:46,104 [INFO] PluginManager:217 - loadIPPluginJar : add ucpd
2023-01-09 19:00:46,105 [INFO] IPUIPlugin:79 - create IPUIPlugin
2023-01-09 19:00:46,106 [INFO] PluginManager:217 - loadIPPluginJar : add lorawan
2023-01-09 19:00:46,107 [INFO] IPUIPlugin:79 - create IPUIPlugin
2023-01-09 19:00:46,107 [INFO] PluginManager:217 - loadIPPluginJar : add opamp
2023-01-09 19:00:46,109 [INFO] IPUIPlugin:79 - create IPUIPlugin
2023-01-09 19:00:46,109 [INFO] PluginManager:217 - loadIPPluginJar : add touchsensing
2023-01-09 19:00:46,111 [INFO] IPUIPlugin:79 - create IPUIPlugin
2023-01-09 19:00:46,111 [INFO] PluginManager:217 - loadIPPluginJar : add i2c
2023-01-09 19:00:46,113 [INFO] IPUIPlugin:79 - create IPUIPlugin
2023-01-09 19:00:46,114 [INFO] PluginManager:217 - loadIPPluginJar : add resmgrutility
2023-01-09 19:00:46,116 [INFO] IPUIPlugin:79 - create IPUIPlugin
2023-01-09 19:00:46,117 [INFO] PluginManager:217 - loadIPPluginJar : add sai
2023-01-09 19:00:46,120 [INFO] IPUIPlugin:79 - create IPUIPlugin
2023-01-09 19:00:46,120 [INFO] PluginManager:217 - loadIPPluginJar : add usbx
2023-01-09 19:00:46,449 [FATAL] Updater:301 - Updater called before beeing initialized
2023-01-09 19:00:46,600 [FATAL] Updater:301 - Updater called before beeing initialized
2023-01-09 19:00:46,610 [INFO] DbMcusAds:52 - JSON generation date=Thu Sep 30 08:56:37 CEST 2021 (1632984997303)
2023-01-09 19:00:46,612 [FATAL] Updater:301 - Updater called before beeing initialized
2023-01-09 19:00:46,663 [WARN] DetailPanel:344 - Failed to get advertising image, set to default
2023-01-09 19:00:46,770 [FATAL] Updater:301 - Updater called before beeing initialized
2023-01-09 19:00:46,773 [FATAL] Updater:301 - Updater called before beeing initialized
2023-01-09 19:00:46,773 [FATAL] Updater:301 - Updater called before beeing initialized
2023-01-09 19:00:46,773 [WARN] DetailPanel:344 - Failed to get advertising image, set to default
2023-01-09 19:00:46,778 [FATAL] Updater:301 - Updater called before beeing initialized
2023-01-09 19:00:46,839 [ERROR] Updater:1105 - MainUpdater not yet initialized. External WinMGr cannot be set.
2023-01-09 19:00:46,848 [INFO] Updater:1041 - Updater Version found : 6.6.1
2023-01-09 19:00:46,865 [INFO] ApplicationProperties:181 - Using Application install path: /Applications/STM32CubeIDE.app/Contents/Eclipse/plugins/com.st.stm32cube.common.mx_6.6.1.202207061420
2023-01-09 19:00:47,429 [INFO] MainUpdater:2768 - connection check result : 10
2023-01-09 19:00:47,471 [INFO] MainUpdater:280 - Updater Check For Update Now.
2023-01-09 19:00:47,471 [INFO] MicroXplorer:481 - Change Database Version : DB.6.0.60
2023-01-09 19:00:47,731 [INFO] CheckServerUpdateThread:119 - End of CheckServer Thread
2023-01-09 19:00:47,894 [INFO] MainUpdater:2768 - connection check result : 10
2023-01-09 19:00:47,902 [INFO] MainUpdater:2768 - connection check result : 10
2023-01-09 19:00:48,147 [WARN] PackLoader:242 - Cannot read IP mode file for STMicroelectronics.X-CUBE-GNSS1.6.0.0
2023-01-09 19:00:48,270 [WARN] PackLoader:242 - Cannot read IP mode file for STMicroelectronics.X-CUBE-AZRTOS-F4.1.1.0
2023-01-09 19:00:48,358 [WARN] PackLoader:242 - Cannot read IP mode file for STMicroelectronics.X-CUBE-BLEMGR.1.2.0
2023-01-09 19:00:48,511 [WARN] PackLoader:242 - Cannot read IP mode file for STMicroelectronics.X-CUBE-AZRTOS-F7.1.1.0
2023-01-09 19:00:48,580 [WARN] PackLoader:242 - Cannot read IP mode file for STMicroelectronics.X-CUBE-BLE1.6.2.3
2023-01-09 19:00:48,624 [WARN] PackLoader:242 - Cannot read IP mode file for STMicroelectronics.X-CUBE-BLE1.6.2.4
2023-01-09 19:00:48,643 [WARN] PackLoader:242 - Cannot read IP mode file for emotas.I-CUBE-CANOPEN.1.1.3
2023-01-09 19:00:48,670 [WARN] PackLoader:242 - Cannot read IP mode file for STMicroelectronics.X-CUBE-NFC4.2.0.5
2023-01-09 19:00:48,718 [WARN] PackLoader:242 - Cannot read IP mode file for STMicroelectronics.X-CUBE-NFC4.2.0.4
2023-01-09 19:00:48,746 [WARN] PackLoader:242 - Cannot read IP mode file for wolfSSL.I-CUBE-wolfSSL.5.5.3
2023-01-09 19:00:48,759 [WARN] PackLoader:242 - Cannot read IP mode file for STMicroelectronics.X-CUBE-NFC7.1.0.0
2023-01-09 19:00:48,958 [WARN] PackLoader:242 - Cannot read IP mode file for STMicroelectronics.X-CUBE-MEMS1.9.3.0
2023-01-09 19:00:49,047 [INFO] MicroXplorer:451 - Change Database Path : 
2023-01-09 19:00:49,047 [INFO] MicroXplorer:481 - Change Database Version : DB.6.0.60
2023-01-09 19:00:49,051 [WARN] ThirdParty:827 - waiting for thirdparty lock release [close project]
2023-01-09 19:00:49,157 [WARN] PackLoader:242 - Cannot read IP mode file for STMicroelectronics.X-CUBE-EEPRMA1.4.1.0
2023-01-09 19:00:49,188 [WARN] PackLoader:242 - Cannot read IP mode file for STMicroelectronics.X-CUBE-SFXS2LP1.4.0.0
2023-01-09 19:00:49,205 [WARN] PackLoader:242 - Cannot read IP mode file for STMicroelectronics.X-CUBE-BLE2.3.3.0
2023-01-09 19:00:49,215 [WARN] PackLoader:242 - Cannot read IP mode file for STMicroelectronics.X-CUBE-DISPLAY.2.2.0
2023-01-09 19:00:49,236 [WARN] PackLoader:242 - Cannot read IP mode file for STMicroelectronics.X-CUBE-TOF1.3.2.0
2023-01-09 19:00:49,280 [WARN] PackLoader:242 - Cannot read IP mode file for STMicroelectronics.X-CUBE-AZRTOS-H7.3.0.0
2023-01-09 19:00:49,289 [WARN] PackLoader:242 - Cannot read IP mode file for STMicroelectronics.X-CUBE-ISPU.1.1.0
2023-01-09 19:00:49,301 [WARN] PackLoader:242 - Cannot read IP mode file for RoweBots.I-CUBE-UNISONRTOS.5.5.0-4
2023-01-09 19:00:49,333 [WARN] PackLoader:242 - Cannot read IP mode file for STMicroelectronics.X-CUBE-AZRTOS-H7.2.1.0
2023-01-09 19:00:49,342 [WARN] PackLoader:242 - Cannot read IP mode file for STMicroelectronics.X-CUBE-TOUCHGFX.4.21.0
2023-01-09 19:00:49,397 [WARN] PackLoader:242 - Cannot read IP mode file for STMicroelectronics.X-CUBE-MEMS1.9.4.0
2023-01-09 19:00:49,511 [WARN] PackLoader:242 - Cannot read IP mode file for STMicroelectronics.X-CUBE-AI.7.3.0
2023-01-09 19:00:49,521 [WARN] PackLoader:242 - Cannot read IP mode file for STMicroelectronics.X-CUBE-ALGOBUILD.1.3.0
2023-01-09 19:00:49,544 [WARN] PackLoader:242 - Cannot read IP mode file for STMicroelectronics.X-CUBE-AZRTOS-L5.1.1.0
2023-01-09 19:00:49,598 [WARN] PackLoader:242 - Cannot read IP mode file for STMicroelectronics.X-CUBE-AZRTOS-G0.1.1.0
2023-01-09 19:00:49,622 [WARN] PackLoader:242 - Cannot read IP mode file for STMicroelectronics.X-CUBE-SUBG2.5.0.0
2023-01-09 19:00:49,687 [WARN] PackLoader:242 - Cannot read IP mode file for SEGGER.I-CUBE-embOS.1.2.1
2023-01-09 19:00:49,717 [WARN] PackLoader:242 - Cannot read IP mode file for STMicroelectronics.FP-ATR-ASTRA1.1.1.1
2023-01-09 19:00:49,729 [WARN] PackLoader:242 - Cannot read IP mode file for STMicroelectronics.X-CUBE-BLEMGR.1.3.0
2023-01-09 19:00:49,750 [WARN] PackLoader:242 - Cannot read IP mode file for STMicroelectronics.X-CUBE-AZRTOS-G4.1.0.0
2023-01-09 19:00:49,755 [WARN] PackLoader:242 - Cannot read IP mode file for STMicroelectronics.FP-ATR-SIGFOX1.3.2.0
2023-01-09 19:00:49,785 [WARN] PackLoader:242 - Cannot read IP mode file for STMicroelectronics.X-CUBE-AZRTOS-L4.1.0.0
2023-01-09 19:00:49,804 [WARN] PackLoader:242 - Cannot read IP mode file for STMicroelectronics.X-CUBE-TOUCHGFX.4.20.0
2023-01-09 19:00:49,818 [WARN] PackLoader:242 - Cannot read IP mode file for STMicroelectronics.X-CUBE-AZRTOS-WL.1.0.0
2023-01-09 19:00:49,831 [WARN] PackLoader:242 - Cannot read IP mode file for portGmbH.I-Cube-SoM-uGOAL.1.1.0
2023-01-09 19:00:49,838 [WARN] PackLoader:242 - Cannot read IP mode file for STMicroelectronics.X-CUBE-ALS.1.0.1
2023-01-09 19:00:49,860 [WARN] PackLoader:242 - Cannot read IP mode file for STMicroelectronics.X-CUBE-AZRTOS-WB.1.1.0
2023-01-09 19:00:49,884 [WARN] PackLoader:242 - Cannot read IP mode file for STMicroelectronics.X-CUBE-AZRTOS-L5.1.0.0
2023-01-09 19:00:49,894 [WARN] PackLoader:242 - Cannot read IP mode file for STMicroelectronics.X-CUBE-EEPRMA1.3.1.1
2023-01-09 19:00:49,895 [INFO] ThirdParty:929 - Integrity check success = true
2023-01-09 19:00:49,895 [INFO] IntegrityCheckThread:98 - exiting critical section [integrity check]
2023-01-09 19:00:49,895 [INFO] IntegrityCheckThread:101 - End integrity checks thread
2023-01-09 19:00:49,895 [INFO] ThirdParty:829 - entering critical section [close project]
2023-01-09 19:00:49,897 [INFO] ThirdParty:839 - exiting critical section [close project]
2023-01-09 19:00:49,904 [INFO] PinOutPanel:1468 - setPackage(No Configuration,No Configuration)
2023-01-09 19:00:49,915 [INFO] UtilMem:74 - Begin LoadConfig() Used Memory: 190905096 Bytes (268435456)
2023-01-09 19:00:49,917 [INFO] MicroXplorer:451 - Change Database Path : 
2023-01-09 19:00:49,917 [INFO] MicroXplorer:481 - Change Database Version : DB.6.0.60
2023-01-09 19:00:49,918 [INFO] OpenFileManager:307 - Change cursor
2023-01-09 19:00:49,976 [INFO] Mcu:1922 - Initializing MCU STM32F405RGTx STM32F405RGTx STM32F405RGT6
2023-01-09 19:00:51,591 [INFO] Context:654 - Trying to add GPIOservice into a context  which must be forbidden
2023-01-09 19:00:52,399 [WARN] ApiManager:308 - Cannot register API 'Board Extension:GNSS1A1' from pack STMicroelectronics.X-CUBE-GNSS1.6.0.0: no header file found
2023-01-09 19:00:52,399 [WARN] ApiManager:308 - Cannot register API 'Board Support:Custom' from pack STMicroelectronics.X-CUBE-GNSS1.6.0.0: no header file found
2023-01-09 19:00:52,399 [WARN] ApiManager:308 - Cannot register API 'Data Exchange:lib_gnss' from pack STMicroelectronics.X-CUBE-GNSS1.6.0.0: no header file found
2023-01-09 19:00:52,553 [WARN] ApiManager:308 - Cannot register API 'Board Extension:IKS01A3' from pack STMicroelectronics.X-CUBE-MEMS1.9.4.0: no header file found
2023-01-09 19:00:52,554 [WARN] ApiManager:308 - Cannot register API 'Board Extension:IKS01A2' from pack STMicroelectronics.X-CUBE-MEMS1.9.4.0: no header file found
2023-01-09 19:00:52,554 [WARN] ApiManager:308 - Cannot register API 'Board Extension:IKS02A1' from pack STMicroelectronics.X-CUBE-MEMS1.9.4.0: no header file found
2023-01-09 19:00:52,577 [WARN] ApiManager:308 - Cannot register API 'Wireless:BlueNRG-MS' from pack STMicroelectronics.X-CUBE-BLE1.6.2.3: no header file found
2023-01-09 19:00:52,578 [WARN] ApiManager:308 - Cannot register API 'Wireless:BlueNRG-MS' from pack STMicroelectronics.X-CUBE-BLE1.6.2.4: no header file found
2023-01-09 19:00:52,580 [INFO] RtosManager:488 - Registered RTOS mode: class=CMSIS, group=RTOS, mode=CMSIS_V1, owner=FREERTOS
2023-01-09 19:00:52,581 [INFO] RtosManager:488 - Registered RTOS mode: class=CMSIS, group=RTOS2, mode=CMSIS_V2, owner=FREERTOS
2023-01-09 19:00:52,581 [INFO] RtosManager:488 - Registered RTOS mode: class=RTOS, group=Core, mode=CMSIS_V1, owner=FREERTOS
2023-01-09 19:00:52,581 [INFO] RtosManager:488 - Registered RTOS mode: class=RTOS, group=Core, mode=CMSIS_V2, owner=FREERTOS
2023-01-09 19:00:52,581 [WARN] ModelIntegratedComponent:185 - Missing modes for component STMicroelectronics:FreeRTOS:0.0.1:STMicroelectronics:RTOS:FreeRTOS:Core:::10.2.0:
2023-01-09 19:00:52,587 [WARN] ApiManager:308 - Cannot register API 'Board Extension:S2868A1' from pack STMicroelectronics.X-CUBE-SUBG2.5.0.0: no header file found
2023-01-09 19:00:52,588 [WARN] ApiManager:308 - Cannot register API 'Board Extension:S2868A2' from pack STMicroelectronics.X-CUBE-SUBG2.5.0.0: no header file found
2023-01-09 19:00:52,588 [WARN] ApiManager:308 - Cannot register API 'Board Extension:S2915A1' from pack STMicroelectronics.X-CUBE-SUBG2.5.0.0: no header file found
2023-01-09 19:00:52,594 [WARN] ApiManager:308 - Cannot register API 'Board Extension:NFC04A1' from pack STMicroelectronics.X-CUBE-NFC4.2.0.5: no header file found
2023-01-09 19:00:52,595 [WARN] ApiManager:308 - Cannot register API 'Board Extension:NFC04A1' from pack STMicroelectronics.X-CUBE-NFC4.2.0.4: no header file found
2023-01-09 19:00:52,602 [WARN] ModelIntegratedComponent:64 - No mode defined for component null
2023-01-09 19:00:52,602 [WARN] ModelIntegratedComponent:64 - No mode defined for component null
2023-01-09 19:00:52,602 [WARN] ModelIntegratedComponent:64 - No mode defined for component null
2023-01-09 19:00:52,602 [WARN] ModelIntegratedComponent:64 - No mode defined for component null
2023-01-09 19:00:52,602 [WARN] ModelIntegratedComponent:64 - No mode defined for component null
2023-01-09 19:00:52,602 [WARN] ModelIntegratedComponent:64 - No mode defined for component null
2023-01-09 19:00:52,603 [WARN] ModelIntegratedComponent:64 - No mode defined for component null
2023-01-09 19:00:52,603 [WARN] ModelIntegratedComponent:64 - No mode defined for component null
2023-01-09 19:00:52,603 [WARN] ModelIntegratedComponent:64 - No mode defined for component null
2023-01-09 19:00:52,603 [WARN] ModelIntegratedComponent:64 - No mode defined for component null
2023-01-09 19:00:52,603 [WARN] ModelIntegratedComponent:64 - No mode defined for component null
2023-01-09 19:00:52,603 [WARN] ModelIntegratedComponent:64 - No mode defined for component null
2023-01-09 19:00:52,603 [WARN] ModelIntegratedComponent:64 - No mode defined for component null
2023-01-09 19:00:52,603 [WARN] ModelIntegratedComponent:64 - No mode defined for component null
2023-01-09 19:00:52,603 [WARN] ModelIntegratedComponent:64 - No mode defined for component null
2023-01-09 19:00:52,603 [WARN] ModelIntegratedComponent:64 - No mode defined for component null
2023-01-09 19:00:52,604 [WARN] ModelIntegratedComponent:64 - No mode defined for component null
2023-01-09 19:00:52,604 [WARN] ModelIntegratedComponent:64 - No mode defined for component null
2023-01-09 19:00:52,604 [WARN] ModelIntegratedComponent:64 - No mode defined for component null
2023-01-09 19:00:52,604 [WARN] ModelIntegratedComponent:64 - No mode defined for component null
2023-01-09 19:00:52,604 [WARN] ModelIntegratedComponent:64 - No mode defined for component null
2023-01-09 19:00:52,604 [WARN] ModelIntegratedComponent:64 - No mode defined for component null
2023-01-09 19:00:52,604 [WARN] ModelIntegratedComponent:64 - No mode defined for component null
2023-01-09 19:00:52,604 [WARN] ModelIntegratedComponent:64 - No mode defined for component null
2023-01-09 19:00:52,604 [WARN] ModelIntegratedComponent:64 - No mode defined for component null
2023-01-09 19:00:52,604 [WARN] ModelIntegratedComponent:64 - No mode defined for component null
2023-01-09 19:00:52,604 [WARN] ModelIntegratedComponent:64 - No mode defined for component null
2023-01-09 19:00:52,604 [WARN] ModelIntegratedComponent:64 - No mode defined for component null
2023-01-09 19:00:52,604 [WARN] ModelIntegratedComponent:64 - No mode defined for component null
2023-01-09 19:00:52,604 [WARN] ModelIntegratedComponent:64 - No mode defined for component null
2023-01-09 19:00:52,604 [WARN] ModelIntegratedComponent:64 - No mode defined for component null
2023-01-09 19:00:52,604 [WARN] ModelIntegratedComponent:64 - No mode defined for component null
2023-01-09 19:00:52,605 [WARN] ModelIntegratedComponent:64 - No mode defined for component null
2023-01-09 19:00:52,606 [WARN] ApiManager:308 - Cannot register API 'Board Extension:NFC07A1' from pack STMicroelectronics.X-CUBE-NFC7.1.0.0: no header file found
2023-01-09 19:00:52,703 [WARN] ApiManager:308 - Cannot register API 'Board Extension:IKS01A3' from pack STMicroelectronics.X-CUBE-MEMS1.9.3.0: no header file found
2023-01-09 19:00:52,704 [WARN] ApiManager:308 - Cannot register API 'Board Extension:IKS01A2' from pack STMicroelectronics.X-CUBE-MEMS1.9.3.0: no header file found
2023-01-09 19:00:52,704 [WARN] ApiManager:308 - Cannot register API 'Board Extension:IKS02A1' from pack STMicroelectronics.X-CUBE-MEMS1.9.3.0: no header file found
2023-01-09 19:00:52,721 [WARN] ApiManager:308 - Cannot register API 'Board Extension:EEPRMA1' from pack STMicroelectronics.X-CUBE-EEPRMA1.4.1.0: no header file found
2023-01-09 19:00:52,722 [WARN] ApiManager:308 - Cannot register API 'Board Extension:EEPRMA2' from pack STMicroelectronics.X-CUBE-EEPRMA1.4.1.0: no header file found
2023-01-09 19:00:52,722 [WARN] ApiManager:308 - Cannot register API 'Board Extension:PGEEZ1' from pack STMicroelectronics.X-CUBE-EEPRMA1.4.1.0: no header file found
2023-01-09 19:00:52,722 [WARN] ApiManager:308 - Cannot register API 'Board Part:M24' from pack STMicroelectronics.X-CUBE-EEPRMA1.4.1.0: no header file found
2023-01-09 19:00:52,722 [WARN] ApiManager:308 - Cannot register API 'Board Part:M95' from pack STMicroelectronics.X-CUBE-EEPRMA1.4.1.0: no header file found
2023-01-09 19:00:52,722 [WARN] ApiManager:308 - Cannot register API 'Board Part:M95P32' from pack STMicroelectronics.X-CUBE-EEPRMA1.4.1.0: no header file found
2023-01-09 19:00:52,722 [WARN] ApiManager:308 - Cannot register API 'PGEEZ1:SPI' from pack STMicroelectronics.X-CUBE-EEPRMA1.4.1.0: no header file found
2023-01-09 19:00:52,722 [WARN] ApiManager:308 - Cannot register API 'PGEEZ1:QDSPI' from pack STMicroelectronics.X-CUBE-EEPRMA1.4.1.0: no header file found
2023-01-09 19:00:52,725 [WARN] ApiManager:308 - Cannot register API 'Board Extension:EEPRMA1' from pack STMicroelectronics.X-CUBE-EEPRMA1.3.1.1: no header file found
2023-01-09 19:00:52,725 [WARN] ApiManager:308 - Cannot register API 'Board Extension:EEPRMA2' from pack STMicroelectronics.X-CUBE-EEPRMA1.3.1.1: no header file found
2023-01-09 19:00:52,726 [WARN] ApiManager:308 - Cannot register API 'Board Extension:S2868A1' from pack STMicroelectronics.X-CUBE-SFXS2LP1.4.0.0: no header file found
2023-01-09 19:00:52,726 [WARN] ApiManager:308 - Cannot register API 'Board Extension:S2868A2' from pack STMicroelectronics.X-CUBE-SFXS2LP1.4.0.0: no header file found
2023-01-09 19:00:52,726 [WARN] ApiManager:308 - Cannot register API 'Board Extension:S2915A1' from pack STMicroelectronics.X-CUBE-SFXS2LP1.4.0.0: no header file found
2023-01-09 19:00:52,727 [WARN] ApiManager:308 - Cannot register API 'Wireless:BlueNRG-2' from pack STMicroelectronics.X-CUBE-BLE2.3.3.0: no header file found
2023-01-09 19:00:52,748 [INFO] ThirdPartyModel:289 - Start build external matchings
2023-01-09 19:00:53,139 [INFO] ThirdPartyModel:302 - End build external matchings
2023-01-09 19:00:53,194 [INFO] ImportTextPane:193 - (OptionalMessage_ERROR) IP (RCC) : Parameter (RTCHSEDivFreq_Value) has invalid value (4000000)
2023-01-09 19:00:53,463 [INFO] UtilMem:74 - End LoadConfig() Used Memory: 279897464 Bytes (332398592)
2023-01-09 19:00:53,993 [INFO] ApiDb:576 - Connected to CubeFinder SQLite database (/Users/giovannirasera/.stmcufinder/plugins/mcufinder/mcu/cube-finder-db.db)
2023-01-09 19:00:54,029 [INFO] ApiDb:663 - CubeFinder database Data Model version=2.1
2023-01-09 19:00:54,029 [INFO] ApiDb:664 - CubeFinder database Configuration version=3.0.32
2023-01-09 19:00:54,030 [INFO] ApiDb:665 - CubeFinder database generation date=2022-08-05 (1659688109)
2023-01-09 19:00:54,030 [INFO] ApiDb:666 - CubeFinder database FW Pack versions=[STM32Cube_FW_C0_V1.0.0, STM32Cube_FW_F4_V1.27.1, STM32Cube_FW_F7_V1.17.0, STM32Cube_FW_G0_V1.6.1, STM32Cube_FW_G4_V1.5.0, STM32Cube_FW_H7_V1.10.0, STM32Cube_FW_L5_V1.4.0, STM32Cube_FW_U5_V1.1.1, STM32Cube_FW_WB_V1.14.1, STM32Cube_FW_WL_V1.2.0, X-CUBE-ALGOBUILD_V1.3.0, X-CUBE-ALS_V1.0.1, X-CUBE-AZRTOS-F4_V1.1.0, X-CUBE-AZRTOS-F7_V1.1.0, X-CUBE-AZRTOS-G0_V1.1.0, X-CUBE-AZRTOS-G4_V1.0.0, X-CUBE-AZRTOS-H7_V2.1.0, X-CUBE-AZRTOS-L4_V1.0.0, X-CUBE-AZRTOS-L5_V1.0.0, X-CUBE-AZRTOS-WL_V1.0.0, X-CUBE-BLE1_V6.2.3, X-CUBE-BLE2_V3.3.0, X-CUBE-EEPRMA1_V3.1.1, X-CUBE-GNSS1_V6.0.0, X-CUBE-MEMS1_V9.1.0, X-CUBE-MEMS1_V9.3.0, X-CUBE-NFC4_V2.0.4, X-CUBE-NFC7_V1.0.0, X-CUBE-SFXS2LP1_V4.0.0, X-CUBE-SUBG2_V5.0.0]
2023-01-09 19:00:55,335 [INFO] ApiDb:239 - Found 138 in-development CPN: [B-WB1M-WPAN1, NUCLEO-C031C6, STEVAL-STWINBX1, STM320518-EVAL, STM32C0116-DK, STM32C011D6Y3TR, STM32C011D6Y6TR, STM32C011F4P3, STM32C011F4P6, STM32C011F4U3, STM32C011F4U6TR, STM32C011F6P3, STM32C011F6P6, STM32C011F6U3, STM32C011F6U6TR, STM32C011J4M3, STM32C011J4M6, STM32C011J6M3, STM32C011J6M6, STM32C0316-DK, STM32C031C4T3, STM32C031C4T6, STM32C031C4U3, STM32C031C4U6, STM32C031C6T3, STM32C031C6T6, STM32C031C6U3, STM32C031C6U6, STM32C031F4P3, STM32C031F4P6, STM32C031F6P3, STM32C031F6P6, STM32C031G4U3, STM32C031G4U6, STM32C031G6U3, STM32C031G6U6, STM32C031K4T3, STM32C031K4T6, STM32C031K4U3, STM32C031K4U6, STM32C031K6T3, STM32C031K6T6, STM32C031K6U3, STM32C031K6U6, STM32G071K8TXN, STM32G071K8UXN, STM32G081GBU6N, STM32G081KBT6N, STM32G081KBUXN, STM32G0B1CCT6N, STM32G0B1KCT6, STM32G0B1NEY6TR, STM32G0B1RCT6N, STM32G0C1CCT6, STM32G0C1CCT6N, STM32G0C1CCU6N, STM32G0C1CET6N, STM32G0C1CEU6N, STM32G0C1KCT6, STM32G0C1NEY6TR, STM32G0C1RCI6N, STM32G0C1RCT6N, STM32G0C1REI6N, STM32G0C1RET6N, STM32G0C1VCI6, STM32G0C1VEI6, STM32G471CCT6, STM32G471CCU6, STM32G471CET3, STM32G471CET6, STM32G471CEU3, STM32G471CEU6, STM32G471MCT6, STM32G471MET3, STM32G471MET6, STM32G471MEY6TR, STM32G471QCT6, STM32G471QET3, STM32G471RCT6, STM32G471RET3, STM32G471RET6, STM32G471VCH6, STM32G471VCI6, STM32G471VCT6, STM32G471VEH3, STM32G471VEH6, STM32G471VEI3, STM32G471VEI6, STM32G471VET3, STM32G471VET6, STM32G474CCT6, STM32L476VGY6PTR, STM32L4R5QGI6STR, STM32MP131AAE3, STM32MP131AAF3, STM32MP131AAG3, STM32MP131CAE3, STM32MP131CAF3, STM32MP131CAG3, STM32MP131DAE7, STM32MP131DAF7, STM32MP131DAG7, STM32MP131FAE7, STM32MP131FAF7, STM32MP131FAG7, STM32MP133AAE3, STM32MP133AAF3, STM32MP133AAG3, STM32MP133CAE3, STM32MP133CAF3, STM32MP133CAG3, STM32MP133DAE7, STM32MP133DAF7, STM32MP133DAG7, STM32MP133FAE7, STM32MP133FAF7, STM32MP133FAG7, STM32MP135AAE3, STM32MP135AAF3, STM32MP135AAG3, STM32MP135CAE3, STM32MP135CAF3, STM32MP135CAG3, STM32MP135DAE7, STM32MP135DAF7, STM32MP135DAG7, STM32MP135F-DK, STM32MP135FAE7, STM32MP135FAF7, STM32MP135FAG7, STM32U595ZJT6Q, STM32U599BJY6QTR, STM32U599NIH6Q, STM32U599NJH6Q, STM32U5A5ZJT6Q, STM32U5A9BJY6QTR, STM32U5A9NJH6Q, STM32WB1MMCH6]
2023-01-09 19:00:55,338 [INFO] DbMcus:215 - Found 3542 MCUs, 3542 are supported
2023-01-09 19:00:55,347 [INFO] ApiDb:418 - Load user favorites file /Users/giovannirasera/.stm32cubeide/favorites.mcus.txt: 1 item(s)
2023-01-09 19:00:55,348 [INFO] ApiDb:422 - User favorites MCUs=[STM32F405RGT6]
2023-01-09 19:00:55,349 [INFO] DbMcus:221 - Set 1 / 1 favorites MCUs
2023-01-09 19:00:55,372 [WARN] ThirdParty:789 - waiting for thirdparty lock release [change project]
2023-01-09 19:00:55,373 [INFO] ThirdParty:791 - entering critical section [change project]
2023-01-09 19:00:55,373 [INFO] ThirdParty:981 - CMSIS Pack Vendor :STMicroelectronics X-CUBE-ISPU 1.1.0
2023-01-09 19:00:55,373 [INFO] ThirdParty:981 - CMSIS Pack Vendor :RoweBots I-CUBE-UNISONRTOS 5.5.0-4
2023-01-09 19:00:55,373 [INFO] ThirdParty:981 - CMSIS Pack Vendor :STMicroelectronics X-CUBE-GNSS1 6.0.0
2023-01-09 19:00:55,373 [INFO] ThirdParty:981 - CMSIS Pack Vendor :STMicroelectronics X-CUBE-AZRTOS-H7 2.1.0
2023-01-09 19:00:55,373 [INFO] ThirdParty:981 - CMSIS Pack Vendor :STMicroelectronics USB_HOST 2.0.0
2023-01-09 19:00:55,374 [INFO] ThirdParty:981 - CMSIS Pack Vendor :STMicroelectronics X-CUBE-AZRTOS-F4 1.1.0
2023-01-09 19:00:55,374 [INFO] ThirdParty:981 - CMSIS Pack Vendor :STMicroelectronics LIBJPEG 8.0.0
2023-01-09 19:00:55,374 [INFO] ThirdParty:981 - CMSIS Pack Vendor :STMicroelectronics USB_DEVICE 3.0.0
2023-01-09 19:00:55,374 [INFO] ThirdParty:981 - CMSIS Pack Vendor :STMicroelectronics X-CUBE-TOUCHGFX 4.21.0
2023-01-09 19:00:55,374 [INFO] ThirdParty:981 - CMSIS Pack Vendor :STMicroelectronics X-CUBE-BLEMGR 1.2.0
2023-01-09 19:00:55,374 [INFO] ThirdParty:981 - CMSIS Pack Vendor :STMicroelectronics X-CUBE-AZRTOS-F7 1.1.0
2023-01-09 19:00:55,374 [INFO] ThirdParty:981 - CMSIS Pack Vendor :STMicroelectronics X-CUBE-MEMS1 9.4.0
2023-01-09 19:00:55,374 [INFO] ThirdParty:981 - CMSIS Pack Vendor :STMicroelectronics USB_DEVICE 2.0.0
2023-01-09 19:00:55,376 [INFO] ThirdParty:981 - CMSIS Pack Vendor :STMicroelectronics X-CUBE-AI 7.3.0
2023-01-09 19:00:55,376 [INFO] ThirdParty:981 - CMSIS Pack Vendor :STMicroelectronics X-CUBE-BLE1 6.2.3
2023-01-09 19:00:55,376 [INFO] ThirdParty:981 - CMSIS Pack Vendor :STMicroelectronics X-CUBE-ALGOBUILD 1.3.0
2023-01-09 19:00:55,376 [INFO] ThirdParty:981 - CMSIS Pack Vendor :STMicroelectronics X-CUBE-BLE1 6.2.4
2023-01-09 19:00:55,376 [INFO] ThirdParty:981 - CMSIS Pack Vendor :STMicroelectronics X-CUBE-AZRTOS-L5 1.1.0
2023-01-09 19:00:55,376 [INFO] ThirdParty:981 - CMSIS Pack Vendor :STMicroelectronics FreeRTOS 0.0.1
2023-01-09 19:00:55,376 [INFO] ThirdParty:981 - CMSIS Pack Vendor :emotas I-CUBE-CANOPEN 1.1.3
2023-01-09 19:00:55,376 [INFO] ThirdParty:981 - CMSIS Pack Vendor :STMicroelectronics X-CUBE-AZRTOS-G0 1.1.0
2023-01-09 19:00:55,376 [INFO] ThirdParty:981 - CMSIS Pack Vendor :STMicroelectronics X-CUBE-SUBG2 5.0.0
2023-01-09 19:00:55,376 [INFO] ThirdParty:981 - CMSIS Pack Vendor :STMicroelectronics STM32_WPAN 1.0.0
2023-01-09 19:00:55,377 [INFO] ThirdParty:981 - CMSIS Pack Vendor :SEGGER I-CUBE-embOS 1.2.1
2023-01-09 19:00:55,377 [INFO] ThirdParty:981 - CMSIS Pack Vendor :STMicroelectronics lwIP 2.0.3
2023-01-09 19:00:55,377 [INFO] ThirdParty:981 - CMSIS Pack Vendor :STMicroelectronics X-CUBE-NFC4 2.0.5
2023-01-09 19:00:55,377 [INFO] ThirdParty:981 - CMSIS Pack Vendor :STMicroelectronics X-CUBE-NFC4 2.0.4
2023-01-09 19:00:55,377 [INFO] ThirdParty:981 - CMSIS Pack Vendor :STMicroelectronics USB_HOST 1.0.0
2023-01-09 19:00:55,377 [INFO] ThirdParty:981 - CMSIS Pack Vendor :STMicroelectronics PDM2PCM 3.1.0
2023-01-09 19:00:55,377 [INFO] ThirdParty:981 - CMSIS Pack Vendor :STMicroelectronics FP-ATR-ASTRA1 1.1.1
2023-01-09 19:00:55,377 [INFO] ThirdParty:981 - CMSIS Pack Vendor :STMicroelectronics PDM2PCM 3.3.0
2023-01-09 19:00:55,377 [INFO] ThirdParty:981 - CMSIS Pack Vendor :STMicroelectronics X-CUBE-BLEMGR 1.3.0
2023-01-09 19:00:55,377 [INFO] ThirdParty:981 - CMSIS Pack Vendor :wolfSSL I-CUBE-wolfSSL 5.5.3
2023-01-09 19:00:55,377 [INFO] ThirdParty:981 - CMSIS Pack Vendor :STMicroelectronics X-CUBE-AZRTOS-G4 1.0.0
2023-01-09 19:00:55,377 [INFO] ThirdParty:981 - CMSIS Pack Vendor :STMicroelectronics FP-ATR-SIGFOX1 3.2.0
2023-01-09 19:00:55,377 [INFO] ThirdParty:981 - CMSIS Pack Vendor :STMicroelectronics X-CUBE-AZRTOS-L4 1.0.0
2023-01-09 19:00:55,377 [INFO] ThirdParty:981 - CMSIS Pack Vendor :STMicroelectronics HAL Drivers 0.0.0
2023-01-09 19:00:55,377 [INFO] ThirdParty:981 - CMSIS Pack Vendor :STMicroelectronics MBEDTLS 2.16.2
2023-01-09 19:00:55,377 [INFO] ThirdParty:981 - CMSIS Pack Vendor :STMicroelectronics X-CUBE-TOUCHGFX 4.20.0
2023-01-09 19:00:55,377 [INFO] ThirdParty:981 - CMSIS Pack Vendor :STMicroelectronics MBEDTLS 2.14.1
2023-01-09 19:00:55,377 [INFO] ThirdParty:981 - CMSIS Pack Vendor :STMicroelectronics X-CUBE-NFC7 1.0.0
2023-01-09 19:00:55,377 [INFO] ThirdParty:981 - CMSIS Pack Vendor :STMicroelectronics X-CUBE-AZRTOS-WL 1.0.0
2023-01-09 19:00:55,377 [INFO] ThirdParty:981 - CMSIS Pack Vendor :STMicroelectronics X-CUBE-MEMS1 9.3.0
2023-01-09 19:00:55,377 [INFO] ThirdParty:981 - CMSIS Pack Vendor :STMicroelectronics X-CUBE-EEPRMA1 4.1.0
2023-01-09 19:00:55,377 [INFO] ThirdParty:981 - CMSIS Pack Vendor :portGmbH I-Cube-SoM-uGOAL 1.1.0
2023-01-09 19:00:55,377 [INFO] ThirdParty:981 - CMSIS Pack Vendor :STMicroelectronics X-CUBE-ALS 1.0.1
2023-01-09 19:00:55,377 [INFO] ThirdParty:981 - CMSIS Pack Vendor :STMicroelectronics ThreadX 1.0.0
2023-01-09 19:00:55,377 [INFO] ThirdParty:981 - CMSIS Pack Vendor :STMicroelectronics X-CUBE-AZRTOS-WB 1.1.0
2023-01-09 19:00:55,377 [INFO] ThirdParty:981 - CMSIS Pack Vendor :STMicroelectronics X-CUBE-AZRTOS-L5 1.0.0
2023-01-09 19:00:55,377 [INFO] ThirdParty:981 - CMSIS Pack Vendor :STMicroelectronics USB_DEVICE 1.0.0
2023-01-09 19:00:55,377 [INFO] ThirdParty:981 - CMSIS Pack Vendor :STMicroelectronics X-CUBE-EEPRMA1 3.1.1
2023-01-09 19:00:55,377 [INFO] ThirdParty:981 - CMSIS Pack Vendor :STMicroelectronics ThreadX 0.0.2
2023-01-09 19:00:55,377 [INFO] ThirdParty:981 - CMSIS Pack Vendor :STMicroelectronics lwIP 2.1.2
2023-01-09 19:00:55,377 [INFO] ThirdParty:981 - CMSIS Pack Vendor :STMicroelectronics X-CUBE-SFXS2LP1 4.0.0
2023-01-09 19:00:55,377 [INFO] ThirdParty:981 - CMSIS Pack Vendor :STMicroelectronics X-CUBE-BLE2 3.3.0
2023-01-09 19:00:55,377 [INFO] ThirdParty:981 - CMSIS Pack Vendor :STMicroelectronics X-CUBE-DISPLAY 2.2.0
2023-01-09 19:00:55,378 [INFO] ThirdParty:981 - CMSIS Pack Vendor :STMicroelectronics X-CUBE-TOF1 3.2.0
2023-01-09 19:00:55,378 [INFO] ThirdParty:981 - CMSIS Pack Vendor :STMicroelectronics PDM2PCM 3.2.0
2023-01-09 19:00:55,378 [INFO] ThirdParty:981 - CMSIS Pack Vendor :STMicroelectronics X-CUBE-AZRTOS-H7 3.0.0
2023-01-09 19:00:55,378 [INFO] ThirdParty:797 - exiting critical section [change project]
2023-01-09 19:00:56,303 [INFO] PinOutPanel:1468 - setPackage(No Configuration,No Configuration)
2023-01-09 19:00:56,311 [INFO] PinOutPanel:1468 - setPackage(STM32F405RGTx,LQFP64)
2023-01-09 19:00:57,029 [INFO] UtilMem:74 - Before build in PCC Used Memory: 233795656 Bytes (332398592)
2023-01-09 19:00:58,282 [INFO] UtilMem:74 - After build in PCC Used Memory: 282645504 Bytes (332398592)
2023-01-09 19:00:58,438 [INFO] ApiDbMcu:505 - Load IP Config File for USB_DEVICE
2023-01-09 19:00:58,494 [INFO] IPUIPlugin:79 - create IPUIPlugin
2023-01-09 19:00:58,495 [INFO] IPUIPlugin:79 - create IPUIPlugin
2023-01-09 19:00:58,495 [INFO] IPUIPlugin:79 - create IPUIPlugin
2023-01-09 19:00:58,495 [INFO] IPUIPlugin:79 - create IPUIPlugin
2023-01-09 19:00:58,495 [INFO] IPUIPlugin:79 - create IPUIPlugin
2023-01-09 19:00:58,496 [INFO] IPUIPlugin:79 - create IPUIPlugin
2023-01-09 19:00:58,500 [INFO] IPUIPlugin:79 - create IPUIPlugin
2023-01-09 19:00:58,501 [INFO] IPUIPlugin:79 - create IPUIPlugin
2023-01-09 19:00:58,501 [INFO] IPUIPlugin:79 - create IPUIPlugin
2023-01-09 19:00:58,501 [INFO] IPUIPlugin:79 - create IPUIPlugin
2023-01-09 19:00:58,501 [INFO] IPUIPlugin:79 - create IPUIPlugin
2023-01-09 19:00:58,501 [INFO] IPUIPlugin:79 - create IPUIPlugin
2023-01-09 19:00:58,501 [INFO] IPUIPlugin:79 - create IPUIPlugin
2023-01-09 19:00:58,501 [INFO] IPUIPlugin:79 - create IPUIPlugin
2023-01-09 19:00:58,501 [INFO] IPUIPlugin:79 - create IPUIPlugin
2023-01-09 19:00:58,501 [INFO] IPUIPlugin:79 - create IPUIPlugin
2023-01-09 19:00:58,502 [INFO] IPUIPlugin:79 - create IPUIPlugin
2023-01-09 19:00:58,502 [INFO] IPUIPlugin:79 - create IPUIPlugin
2023-01-09 19:00:58,502 [INFO] IPUIPlugin:79 - create IPUIPlugin
2023-01-09 19:00:58,502 [INFO] IPUIPlugin:79 - create IPUIPlugin
2023-01-09 19:00:58,502 [INFO] IPUIPlugin:79 - create IPUIPlugin
2023-01-09 19:00:58,505 [INFO] IPUIPlugin:79 - create IPUIPlugin
2023-01-09 19:00:58,506 [INFO] IPUIPlugin:79 - create IPUIPlugin
2023-01-09 19:00:58,506 [INFO] IPUIPlugin:79 - create IPUIPlugin
2023-01-09 19:00:58,506 [INFO] IPUIPlugin:79 - create IPUIPlugin
2023-01-09 19:00:58,506 [INFO] IPUIPlugin:79 - create IPUIPlugin
2023-01-09 19:00:58,506 [INFO] IPUIPlugin:79 - create IPUIPlugin
2023-01-09 19:00:58,506 [INFO] IPUIPlugin:79 - create IPUIPlugin
2023-01-09 19:00:58,506 [INFO] IPUIPlugin:79 - create IPUIPlugin
2023-01-09 19:00:58,506 [INFO] IPUIPlugin:79 - create IPUIPlugin
2023-01-09 19:00:58,506 [INFO] IPUIPlugin:79 - create IPUIPlugin
2023-01-09 19:00:58,506 [INFO] IPUIPlugin:79 - create IPUIPlugin
2023-01-09 19:00:58,506 [INFO] IPUIPlugin:79 - create IPUIPlugin
2023-01-09 19:00:58,507 [INFO] IPUIPlugin:79 - create IPUIPlugin
2023-01-09 19:00:58,507 [INFO] IPUIPlugin:79 - create IPUIPlugin
2023-01-09 19:00:58,507 [INFO] IPUIPlugin:79 - create IPUIPlugin
2023-01-09 19:00:58,507 [INFO] IPUIPlugin:79 - create IPUIPlugin
2023-01-09 19:00:58,507 [INFO] IPUIPlugin:79 - create IPUIPlugin
2023-01-09 19:00:58,507 [INFO] IPUIPlugin:79 - create IPUIPlugin
2023-01-09 19:00:58,507 [INFO] IPUIPlugin:79 - create IPUIPlugin
2023-01-09 19:00:58,507 [INFO] IPUIPlugin:79 - create IPUIPlugin
2023-01-09 19:00:58,507 [INFO] IPUIPlugin:79 - create IPUIPlugin
2023-01-09 19:00:58,507 [INFO] IPUIPlugin:79 - create IPUIPlugin
2023-01-09 19:00:58,507 [INFO] IPUIPlugin:79 - create IPUIPlugin
2023-01-09 19:00:58,508 [INFO] IPUIPlugin:79 - create IPUIPlugin
2023-01-09 19:00:58,508 [INFO] IPUIPlugin:79 - create IPUIPlugin
2023-01-09 19:00:58,508 [INFO] IPUIPlugin:79 - create IPUIPlugin
2023-01-09 19:00:58,509 [INFO] IPUIPlugin:79 - create IPUIPlugin
2023-01-09 19:00:58,509 [INFO] IPUIPlugin:79 - create IPUIPlugin
2023-01-09 19:00:58,509 [INFO] IPUIPlugin:79 - create IPUIPlugin
2023-01-09 19:00:58,510 [INFO] IPUIPlugin:79 - create IPUIPlugin
2023-01-09 19:00:58,510 [INFO] IPUIPlugin:79 - create IPUIPlugin
2023-01-09 19:00:58,510 [INFO] IPUIPlugin:79 - create IPUIPlugin
2023-01-09 19:00:58,511 [INFO] IPUIPlugin:79 - create IPUIPlugin
2023-01-09 19:00:58,533 [INFO] ApiDbMcu:505 - Load IP Config File for PDM2PCM
2023-01-09 19:00:58,870 [INFO] OpenFileManager:327 - Restore cursor
2023-01-09 19:01:06,159 [INFO] Gpio:272 - dependency for GPIO [RCC, SYS, USB_OTG_FS]
2023-01-09 19:01:11,121 [INFO] Gpio:272 - dependency for GPIO [RCC, SYS, USB_OTG_FS]
2023-01-09 19:01:13,873 [INFO] RtosManager:801 - Current active RTOS is FREERTOS [Cortex-M4NS]
2023-01-09 19:01:14,152 [INFO] ApiDbMcu:505 - Load IP Config File for FREERTOS
2023-01-09 19:01:14,362 [WARN] FreeRTOS:544 - Case being investigated as it may cause exception (when called to early by set config state
2023-01-09 19:01:14,692 [ERROR] RtosPanel:557 - Can not restore the selected Tab for FREERTOS(A reason can be that the tab is no more available.)
2023-01-09 19:01:14,846 [ERROR] RtosPanel:557 - Can not restore the selected Tab for FREERTOS(A reason can be that the tab is no more available.)
2023-01-09 19:01:18,854 [ERROR] RtosPanel:557 - Can not restore the selected Tab for FREERTOS(A reason can be that the tab is no more available.)
2023-01-09 19:01:36,344 [INFO] TasksAndQueuesTab:756 - Dynamic
2023-01-09 19:01:36,347 [WARN] TasksAndQueuesTab:762 - 128 128
2023-01-09 19:01:36,347 [WARN] TasksAndQueuesTab:774 - max value is: 3840.0
2023-01-09 19:01:39,155 [INFO] EditThreadDialog:703 - RAM SIZE (in KB): 128
2023-01-09 19:01:39,155 [INFO] EditThreadDialog:705 - RAM SIZE (in words): 32768
2023-01-09 19:02:19,306 [INFO] TasksAndQueuesTab:756 - Dynamic
2023-01-09 19:02:19,309 [WARN] TasksAndQueuesTab:762 - 128 128
2023-01-09 19:02:19,309 [WARN] TasksAndQueuesTab:774 - max value is: 3840.0
2023-01-09 19:02:19,309 [INFO] TasksAndQueuesTab:756 - Dynamic
2023-01-09 19:02:19,309 [WARN] TasksAndQueuesTab:762 - 128 128
2023-01-09 19:02:19,309 [WARN] TasksAndQueuesTab:774 - max value is: 3840.0
2023-01-09 19:02:26,059 [INFO] EditThreadDialog:703 - RAM SIZE (in KB): 128
2023-01-09 19:02:26,060 [INFO] EditThreadDialog:705 - RAM SIZE (in words): 32768
2023-01-09 19:02:43,853 [INFO] TasksAndQueuesTab:756 - Dynamic
2023-01-09 19:02:43,856 [WARN] TasksAndQueuesTab:762 - 128 128
2023-01-09 19:02:43,856 [WARN] TasksAndQueuesTab:774 - max value is: 3840.0
2023-01-09 19:02:43,856 [INFO] TasksAndQueuesTab:756 - Dynamic
2023-01-09 19:02:43,856 [WARN] TasksAndQueuesTab:762 - 128 128
2023-01-09 19:02:43,856 [WARN] TasksAndQueuesTab:774 - max value is: 3840.0
2023-01-09 19:02:43,856 [INFO] TasksAndQueuesTab:756 - Dynamic
2023-01-09 19:02:43,856 [WARN] TasksAndQueuesTab:762 - 128 128
2023-01-09 19:02:43,857 [WARN] TasksAndQueuesTab:774 - max value is: 3840.0
2023-01-09 19:02:57,609 [INFO] UtilMem:74 - End SaveConfig() Used Memory: 280116128 Bytes (332398592)
2023-01-09 19:03:01,057 [INFO] UtilMem:74 - End SaveConfig() Used Memory: 226024200 Bytes (332398592)
2023-01-09 19:03:05,446 [INFO] UtilMem:74 - End SaveConfig() Used Memory: 263012168 Bytes (332398592)
2023-01-09 19:03:06,683 [INFO] BlockDiagram:2753 - set Specific Code input for plugin: FREERTOS
2023-01-09 19:03:06,690 [INFO] BlockDiagram:2753 - set Specific Code input for plugin: USB_DEVICE
2023-01-09 19:03:06,690 [INFO] BlockDiagram:2753 - set Specific Code input for plugin: SYS
2023-01-09 19:03:06,690 [INFO] BlockDiagram:2753 - set Specific Code input for plugin: RCC
2023-01-09 19:03:06,690 [INFO] BlockDiagram:2753 - set Specific Code input for plugin: USB_OTG_FS
2023-01-09 19:03:06,691 [INFO] BlockDiagram:2753 - set Specific Code input for plugin: NVIC
2023-01-09 19:03:06,695 [INFO] BlockDiagram:2753 - set Specific Code input for plugin: GPIO
2023-01-09 19:03:06,696 [INFO] CodeGenerator:690 - code generatio: config db path: /Applications/STM32CubeIDE.app/Contents/Eclipse/plugins/com.st.stm32cube.common.mx_6.6.1.202207061420//db/
2023-01-09 19:03:07,412 [INFO] CodeEngine:245 - oldGeneratedFile, /Users/giovannirasera/repos/cpp/stm32/usbandfreertos/MXTmpFiles/license.tmp_save
2023-01-09 19:03:07,923 [INFO] CodeEngine:269 - Generated code: /Users/giovannirasera/repos/cpp/stm32/usbandfreertos/MXTmpFiles/license.tmp
2023-01-09 19:03:08,055 [INFO] CodeEngine:245 - oldGeneratedFile, /Users/giovannirasera/repos/cpp/stm32/usbandfreertos/MXTmpFiles/gpio.tmp_save
2023-01-09 19:03:08,307 [INFO] CodeEngine:269 - Generated code: /Users/giovannirasera/repos/cpp/stm32/usbandfreertos/MXTmpFiles/gpio.tmp
2023-01-09 19:03:08,556 [WARN] IPConfigManager:2910 - Warning: the RefConfig PWREx_EnableUSBVoltageDetector is not available in your config.xml file
2023-01-09 19:03:08,578 [INFO] CodeEngine:245 - oldGeneratedFile, /Users/giovannirasera/repos/cpp/stm32/usbandfreertos/MXTmpFiles/usb_otg_fs_vars.tmp_save
2023-01-09 19:03:08,939 [INFO] CodeEngine:269 - Generated code: /Users/giovannirasera/repos/cpp/stm32/usbandfreertos/MXTmpFiles/usb_otg_fs_vars.tmp
2023-01-09 19:03:08,941 [INFO] CodeEngine:245 - oldGeneratedFile, /Users/giovannirasera/repos/cpp/stm32/usbandfreertos/MXTmpFiles/usb_otg_fs_inc.tmp_save
2023-01-09 19:03:09,087 [INFO] CodeEngine:269 - Generated code: /Users/giovannirasera/repos/cpp/stm32/usbandfreertos/MXTmpFiles/usb_otg_fs_inc.tmp
2023-01-09 19:03:09,089 [INFO] CodeEngine:245 - oldGeneratedFile, /Users/giovannirasera/repos/cpp/stm32/usbandfreertos/MXTmpFiles/usb_otg_fs_HalInit.tmp_save
2023-01-09 19:03:09,287 [INFO] CodeEngine:269 - Generated code: /Users/giovannirasera/repos/cpp/stm32/usbandfreertos/MXTmpFiles/usb_otg_fs_HalInit.tmp
2023-01-09 19:03:09,301 [INFO] CodeEngine:245 - oldGeneratedFile, /Users/giovannirasera/repos/cpp/stm32/usbandfreertos/MXTmpFiles/usb_otg_fs_Msp.tmp_save
2023-01-09 19:03:09,470 [INFO] CodeEngine:269 - Generated code: /Users/giovannirasera/repos/cpp/stm32/usbandfreertos/MXTmpFiles/usb_otg_fs_Msp.tmp
2023-01-09 19:03:09,825 [INFO] Middleware:1435 - No code input for Bsp Dependency
2023-01-09 19:03:09,832 [INFO] CodeEngine:245 - oldGeneratedFile, /Users/giovannirasera/repos/cpp/stm32/usbandfreertos/MXTmpFiles/rtos_inc.tmp_save
2023-01-09 19:03:09,930 [INFO] CodeEngine:269 - Generated code: /Users/giovannirasera/repos/cpp/stm32/usbandfreertos/MXTmpFiles/rtos_inc.tmp
2023-01-09 19:03:09,932 [INFO] CodeEngine:245 - oldGeneratedFile, /Users/giovannirasera/repos/cpp/stm32/usbandfreertos/MXTmpFiles/rtos_kernelInit.tmp_save
2023-01-09 19:03:09,987 [INFO] CodeEngine:269 - Generated code: /Users/giovannirasera/repos/cpp/stm32/usbandfreertos/MXTmpFiles/rtos_kernelInit.tmp
2023-01-09 19:03:09,989 [INFO] CodeEngine:245 - oldGeneratedFile, /Users/giovannirasera/repos/cpp/stm32/usbandfreertos/MXTmpFiles/rtos_kernelStart.tmp_save
2023-01-09 19:03:10,057 [INFO] CodeEngine:269 - Generated code: /Users/giovannirasera/repos/cpp/stm32/usbandfreertos/MXTmpFiles/rtos_kernelStart.tmp
2023-01-09 19:03:10,059 [INFO] CodeEngine:245 - oldGeneratedFile, /Users/giovannirasera/repos/cpp/stm32/usbandfreertos/MXTmpFiles/rtos_typedefs.tmp_save
2023-01-09 19:03:10,160 [INFO] CodeEngine:269 - Generated code: /Users/giovannirasera/repos/cpp/stm32/usbandfreertos/MXTmpFiles/rtos_typedefs.tmp
2023-01-09 19:03:10,163 [INFO] CodeEngine:245 - oldGeneratedFile, /Users/giovannirasera/repos/cpp/stm32/usbandfreertos/MXTmpFiles/rtos_vars.tmp_save
2023-01-09 19:03:10,305 [INFO] CodeEngine:269 - Generated code: /Users/giovannirasera/repos/cpp/stm32/usbandfreertos/MXTmpFiles/rtos_vars.tmp
2023-01-09 19:03:10,320 [INFO] CodeEngine:245 - oldGeneratedFile, /Users/giovannirasera/repos/cpp/stm32/usbandfreertos/MXTmpFiles/rtos_pfp.tmp_save
2023-01-09 19:03:10,399 [INFO] CodeEngine:269 - Generated code: /Users/giovannirasera/repos/cpp/stm32/usbandfreertos/MXTmpFiles/rtos_pfp.tmp
2023-01-09 19:03:10,400 [INFO] CodeEngine:245 - oldGeneratedFile, /Users/giovannirasera/repos/cpp/stm32/usbandfreertos/MXTmpFiles/rtos_obj_creat.tmp_save
2023-01-09 19:03:10,479 [INFO] CodeEngine:269 - Generated code: /Users/giovannirasera/repos/cpp/stm32/usbandfreertos/MXTmpFiles/rtos_obj_creat.tmp
2023-01-09 19:03:10,481 [INFO] CodeEngine:245 - oldGeneratedFile, /Users/giovannirasera/repos/cpp/stm32/usbandfreertos/MXTmpFiles/rtos_default_thread.tmp_save
2023-01-09 19:03:10,550 [INFO] CodeEngine:269 - Generated code: /Users/giovannirasera/repos/cpp/stm32/usbandfreertos/MXTmpFiles/rtos_default_thread.tmp
2023-01-09 19:03:10,551 [INFO] CodeEngine:245 - oldGeneratedFile, /Users/giovannirasera/repos/cpp/stm32/usbandfreertos/MXTmpFiles/rtos_threads.tmp_save
2023-01-09 19:03:10,648 [INFO] CodeEngine:269 - Generated code: /Users/giovannirasera/repos/cpp/stm32/usbandfreertos/MXTmpFiles/rtos_threads.tmp
2023-01-09 19:03:10,690 [INFO] Middleware:1435 - No code input for Bsp Dependency
2023-01-09 19:03:10,698 [INFO] Middleware:1435 - No code input for Bsp Dependency
2023-01-09 19:03:10,707 [INFO] CodeEngine:245 - oldGeneratedFile, /Users/giovannirasera/repos/cpp/stm32/usbandfreertos/MXTmpFiles/rtos_inc.tmp_save
2023-01-09 19:03:10,775 [INFO] CodeEngine:269 - Generated code: /Users/giovannirasera/repos/cpp/stm32/usbandfreertos/MXTmpFiles/rtos_inc.tmp
2023-01-09 19:03:10,777 [INFO] CodeEngine:245 - oldGeneratedFile, /Users/giovannirasera/repos/cpp/stm32/usbandfreertos/MXTmpFiles/rtos_kernelInit.tmp_save
2023-01-09 19:03:10,849 [INFO] CodeEngine:269 - Generated code: /Users/giovannirasera/repos/cpp/stm32/usbandfreertos/MXTmpFiles/rtos_kernelInit.tmp
2023-01-09 19:03:10,851 [INFO] CodeEngine:245 - oldGeneratedFile, /Users/giovannirasera/repos/cpp/stm32/usbandfreertos/MXTmpFiles/rtos_kernelStart.tmp_save
2023-01-09 19:03:10,922 [INFO] CodeEngine:269 - Generated code: /Users/giovannirasera/repos/cpp/stm32/usbandfreertos/MXTmpFiles/rtos_kernelStart.tmp
2023-01-09 19:03:10,923 [INFO] CodeEngine:245 - oldGeneratedFile, /Users/giovannirasera/repos/cpp/stm32/usbandfreertos/MXTmpFiles/rtos_typedefs.tmp_save
2023-01-09 19:03:11,100 [INFO] CodeEngine:269 - Generated code: /Users/giovannirasera/repos/cpp/stm32/usbandfreertos/MXTmpFiles/rtos_typedefs.tmp
2023-01-09 19:03:11,115 [INFO] CodeEngine:245 - oldGeneratedFile, /Users/giovannirasera/repos/cpp/stm32/usbandfreertos/MXTmpFiles/rtos_vars.tmp_save
2023-01-09 19:03:11,182 [INFO] CodeEngine:269 - Generated code: /Users/giovannirasera/repos/cpp/stm32/usbandfreertos/MXTmpFiles/rtos_vars.tmp
2023-01-09 19:03:11,183 [INFO] CodeEngine:245 - oldGeneratedFile, /Users/giovannirasera/repos/cpp/stm32/usbandfreertos/MXTmpFiles/rtos_pfp.tmp_save
2023-01-09 19:03:11,258 [INFO] CodeEngine:269 - Generated code: /Users/giovannirasera/repos/cpp/stm32/usbandfreertos/MXTmpFiles/rtos_pfp.tmp
2023-01-09 19:03:11,260 [INFO] CodeEngine:245 - oldGeneratedFile, /Users/giovannirasera/repos/cpp/stm32/usbandfreertos/MXTmpFiles/rtos_obj_creat.tmp_save
2023-01-09 19:03:11,322 [INFO] CodeEngine:269 - Generated code: /Users/giovannirasera/repos/cpp/stm32/usbandfreertos/MXTmpFiles/rtos_obj_creat.tmp
2023-01-09 19:03:11,325 [INFO] CodeEngine:245 - oldGeneratedFile, /Users/giovannirasera/repos/cpp/stm32/usbandfreertos/MXTmpFiles/rtos_default_thread.tmp_save
2023-01-09 19:03:11,395 [INFO] CodeEngine:269 - Generated code: /Users/giovannirasera/repos/cpp/stm32/usbandfreertos/MXTmpFiles/rtos_default_thread.tmp
2023-01-09 19:03:11,397 [INFO] CodeEngine:245 - oldGeneratedFile, /Users/giovannirasera/repos/cpp/stm32/usbandfreertos/MXTmpFiles/rtos_threads.tmp_save
2023-01-09 19:03:11,452 [INFO] CodeEngine:269 - Generated code: /Users/giovannirasera/repos/cpp/stm32/usbandfreertos/MXTmpFiles/rtos_threads.tmp
2023-01-09 19:03:11,454 [INFO] CodeEngine:245 - oldGeneratedFile, /Users/giovannirasera/repos/cpp/stm32/usbandfreertos/Core/Inc/FreeRTOSConfig.h_save
2023-01-09 19:03:11,553 [INFO] CodeEngine:269 - Generated code: /Users/giovannirasera/repos/cpp/stm32/usbandfreertos/Core/Inc/FreeRTOSConfig.h
2023-01-09 19:03:11,557 [INFO] CodeEngine:245 - oldGeneratedFile, /Users/giovannirasera/repos/cpp/stm32/usbandfreertos/Core/Src/freertos.c_save
2023-01-09 19:03:11,638 [INFO] CodeEngine:269 - Generated code: /Users/giovannirasera/repos/cpp/stm32/usbandfreertos/Core/Src/freertos.c
2023-01-09 19:03:11,667 [INFO] Middleware:1435 - No code input for Bsp Dependency
2023-01-09 19:03:11,680 [INFO] CodeEngine:245 - oldGeneratedFile, /Users/giovannirasera/repos/cpp/stm32/usbandfreertos/USB_DEVICE/App/usb_device.c_save
2023-01-09 19:03:11,780 [INFO] CodeEngine:269 - Generated code: /Users/giovannirasera/repos/cpp/stm32/usbandfreertos/USB_DEVICE/App/usb_device.c
2023-01-09 19:03:11,781 [INFO] CodeEngine:245 - oldGeneratedFile, /Users/giovannirasera/repos/cpp/stm32/usbandfreertos/USB_DEVICE/App/usb_device.h_save
2023-01-09 19:03:11,938 [INFO] CodeEngine:269 - Generated code: /Users/giovannirasera/repos/cpp/stm32/usbandfreertos/USB_DEVICE/App/usb_device.h
2023-01-09 19:03:11,953 [INFO] CodeEngine:245 - oldGeneratedFile, /Users/giovannirasera/repos/cpp/stm32/usbandfreertos/USB_DEVICE/Target/usbd_conf.h_save
2023-01-09 19:03:12,014 [INFO] CodeEngine:269 - Generated code: /Users/giovannirasera/repos/cpp/stm32/usbandfreertos/USB_DEVICE/Target/usbd_conf.h
2023-01-09 19:03:12,015 [INFO] CodeEngine:245 - oldGeneratedFile, /Users/giovannirasera/repos/cpp/stm32/usbandfreertos/USB_DEVICE/Target/usbd_conf.c_save
2023-01-09 19:03:12,106 [INFO] CodeEngine:269 - Generated code: /Users/giovannirasera/repos/cpp/stm32/usbandfreertos/USB_DEVICE/Target/usbd_conf.c
2023-01-09 19:03:12,109 [INFO] CodeEngine:245 - oldGeneratedFile, /Users/giovannirasera/repos/cpp/stm32/usbandfreertos/USB_DEVICE/App/usbd_desc.h_save
2023-01-09 19:03:12,187 [INFO] CodeEngine:269 - Generated code: /Users/giovannirasera/repos/cpp/stm32/usbandfreertos/USB_DEVICE/App/usbd_desc.h
2023-01-09 19:03:12,188 [INFO] CodeEngine:245 - oldGeneratedFile, /Users/giovannirasera/repos/cpp/stm32/usbandfreertos/USB_DEVICE/App/usbd_desc.c_save
2023-01-09 19:03:12,248 [INFO] CodeEngine:269 - Generated code: /Users/giovannirasera/repos/cpp/stm32/usbandfreertos/USB_DEVICE/App/usbd_desc.c
2023-01-09 19:03:12,250 [INFO] CodeEngine:245 - oldGeneratedFile, /Users/giovannirasera/repos/cpp/stm32/usbandfreertos/USB_DEVICE/App/usbd_cdc_if.h_save
2023-01-09 19:03:12,311 [INFO] CodeEngine:269 - Generated code: /Users/giovannirasera/repos/cpp/stm32/usbandfreertos/USB_DEVICE/App/usbd_cdc_if.h
2023-01-09 19:03:12,313 [INFO] CodeEngine:245 - oldGeneratedFile, /Users/giovannirasera/repos/cpp/stm32/usbandfreertos/USB_DEVICE/App/usbd_cdc_if.c_save
2023-01-09 19:03:12,372 [INFO] CodeEngine:269 - Generated code: /Users/giovannirasera/repos/cpp/stm32/usbandfreertos/USB_DEVICE/App/usbd_cdc_if.c
2023-01-09 19:03:12,390 [INFO] CodeEngine:245 - oldGeneratedFile, /Users/giovannirasera/repos/cpp/stm32/usbandfreertos/Core/Src/stm32f4xx_it.c_save
2023-01-09 19:03:12,578 [INFO] CodeEngine:269 - Generated code: /Users/giovannirasera/repos/cpp/stm32/usbandfreertos/Core/Src/stm32f4xx_it.c
2023-01-09 19:03:12,580 [INFO] CodeEngine:245 - oldGeneratedFile, /Users/giovannirasera/repos/cpp/stm32/usbandfreertos/Core/Inc/stm32f4xx_it.h_save
2023-01-09 19:03:12,712 [INFO] CodeEngine:269 - Generated code: /Users/giovannirasera/repos/cpp/stm32/usbandfreertos/Core/Inc/stm32f4xx_it.h
2023-01-09 19:03:12,765 [INFO] CodeEngine:245 - oldGeneratedFile, /Users/giovannirasera/repos/cpp/stm32/usbandfreertos/Core/Src/stm32f4xx_hal_msp.c_save
2023-01-09 19:03:12,912 [INFO] CodeEngine:269 - Generated code: /Users/giovannirasera/repos/cpp/stm32/usbandfreertos/Core/Src/stm32f4xx_hal_msp.c
2023-01-09 19:03:12,914 [INFO] CodeEngine:245 - oldGeneratedFile, /Users/giovannirasera/repos/cpp/stm32/usbandfreertos/MXTmpFiles/system.tmp_save
2023-01-09 19:03:12,980 [INFO] CodeEngine:269 - Generated code: /Users/giovannirasera/repos/cpp/stm32/usbandfreertos/MXTmpFiles/system.tmp
2023-01-09 19:03:12,982 [INFO] CodeEngine:245 - oldGeneratedFile, /Users/giovannirasera/repos/cpp/stm32/usbandfreertos/Core/Src/stm32f4xx_hal_timebase_tim.c_save
2023-01-09 19:03:13,052 [INFO] CodeEngine:269 - Generated code: /Users/giovannirasera/repos/cpp/stm32/usbandfreertos/Core/Src/stm32f4xx_hal_timebase_tim.c
2023-01-09 19:03:13,057 [INFO] CodeEngine:245 - oldGeneratedFile, /Users/giovannirasera/repos/cpp/stm32/usbandfreertos/Core/Inc/stm32f4xx_hal_conf.h_save
2023-01-09 19:03:13,133 [INFO] CodeEngine:269 - Generated code: /Users/giovannirasera/repos/cpp/stm32/usbandfreertos/Core/Inc/stm32f4xx_hal_conf.h
2023-01-09 19:03:13,328 [INFO] CodeEngine:245 - oldGeneratedFile, /Users/giovannirasera/repos/cpp/stm32/usbandfreertos/Core/Inc/main.h_save
2023-01-09 19:03:13,406 [INFO] CodeEngine:269 - Generated code: /Users/giovannirasera/repos/cpp/stm32/usbandfreertos/Core/Inc/main.h
2023-01-09 19:03:13,408 [INFO] CodeEngine:245 - oldGeneratedFile, /Users/giovannirasera/repos/cpp/stm32/usbandfreertos/Core/Src/main.c_save
2023-01-09 19:03:13,844 [INFO] CodeEngine:269 - Generated code: /Users/giovannirasera/repos/cpp/stm32/usbandfreertos/Core/Src/main.c
2023-01-09 19:03:14,828 [INFO] ProjectBuilder:2919 - Time for Copy HAL[1] : 161mS.
2023-01-09 19:03:14,878 [INFO] ProjectBuilder:4117 - Project Generator version: 3.17.1
2023-01-09 19:03:15,333 [INFO] ConfigFileManager:1394 - The Die is : DIE413
2023-01-09 19:03:15,503 [INFO] ApiDbMcu:505 - Load IP Config File for FATFS
2023-01-09 19:03:15,535 [INFO] ApiDbMcu:505 - Load IP Config File for LIBJPEG
2023-01-09 19:03:15,644 [INFO] ApiDbMcu:505 - Load IP Config File for MBEDTLS
2023-01-09 19:03:15,672 [INFO] ApiDbMcu:505 - Load IP Config File for USB_HOST
2023-01-09 19:03:18,916 [INFO] ProjectBuilder:4285 - Time for Generating toolchain IDE Files: 4029mS.
2023-01-09 19:03:18,938 [INFO] ProjectBuilder:2790 - Time for Copy CMSIS : 8mS.
2023-01-09 19:03:18,944 [INFO] ProjectBuilder:2790 - Time for Copy CMSIS : 0mS.
